kotlin version: 2.3.10
error message: org.jetbrains.kotlin.fir.pipeline.IrGenerationExtensionException: IR lowering failed at: PlanScreen.kt
	at org.jetbrains.kotlin.fir.pipeline.Fir2IrPipeline.applyIrGenerationExtensions(convertToIr.kt:577)
	at org.jetbrains.kotlin.fir.pipeline.Fir2IrPipeline.runActualizationPipeline(convertToIr.kt:279)
	at org.jetbrains.kotlin.fir.pipeline.Fir2IrPipeline.convertToIrAndActualize(convertToIr.kt:150)
	at org.jetbrains.kotlin.fir.pipeline.ConvertToIrKt.convertToIrAndActualize(convertToIr.kt:115)
	at org.jetbrains.kotlin.fir.pipeline.ConvertToIrKt.convertToIrAndActualize$default(convertToIr.kt:88)
	at org.jetbrains.kotlin.cli.jvm.compiler.legacy.pipeline.JvmCompilerPipelineKt.convertToIrAndActualizeForJvm(jvmCompilerPipeline.kt:100)
	at org.jetbrains.kotlin.cli.pipeline.jvm.JvmFir2IrPipelinePhase.executePhase(JvmFir2IrPipelinePhase.kt:30)
	at org.jetbrains.kotlin.cli.pipeline.jvm.JvmFir2IrPipelinePhase.executePhase(JvmFir2IrPipelinePhase.kt:25)
	at org.jetbrains.kotlin.cli.pipeline.jvm.JvmFir2IrPipelinePhase.executePhase(JvmFir2IrPipelinePhase.kt:19)
	at org.jetbrains.kotlin.cli.pipeline.PipelinePhase.phaseBody(PipelinePhase.kt:68)
	at org.jetbrains.kotlin.cli.pipeline.PipelinePhase.phaseBody(PipelinePhase.kt:58)
	at org.jetbrains.kotlin.config.phaser.NamedCompilerPhase.invoke(CompilerPhase.kt:102)
	at org.jetbrains.kotlin.backend.common.phaser.CompositePhase.invoke(PhaseBuilders.kt:22)
	at org.jetbrains.kotlin.config.phaser.CompilerPhaseKt.invokeToplevel(CompilerPhase.kt:53)
	at org.jetbrains.kotlin.cli.pipeline.AbstractCliPipeline.runPhasedPipeline(AbstractCliPipeline.kt:109)
	at org.jetbrains.kotlin.cli.pipeline.AbstractCliPipeline.execute(AbstractCliPipeline.kt:68)
	at org.jetbrains.kotlin.cli.jvm.K2JVMCompiler.doExecutePhased(K2JVMCompiler.kt:51)
	at org.jetbrains.kotlin.cli.jvm.K2JVMCompiler.doExecutePhased(K2JVMCompiler.kt:42)
	at org.jetbrains.kotlin.cli.common.CLICompiler.execImpl(CLICompiler.kt:89)
	at org.jetbrains.kotlin.cli.common.CLICompiler.exec(CLICompiler.kt:359)
	at org.jetbrains.kotlin.incremental.IncrementalJvmCompilerRunnerBase.runCompiler(IncrementalJvmCompilerRunnerBase.kt:178)
	at org.jetbrains.kotlin.incremental.IncrementalJvmCompilerRunnerBase.runCompiler(IncrementalJvmCompilerRunnerBase.kt:40)
	at org.jetbrains.kotlin.incremental.IncrementalCompilerRunner.doCompile(IncrementalCompilerRunner.kt:504)
	at org.jetbrains.kotlin.incremental.IncrementalCompilerRunner.compileImpl(IncrementalCompilerRunner.kt:418)
	at org.jetbrains.kotlin.incremental.IncrementalCompilerRunner.tryCompileIncrementally$lambda$0$compile(IncrementalCompilerRunner.kt:249)
	at org.jetbrains.kotlin.incremental.IncrementalCompilerRunner.tryCompileIncrementally(IncrementalCompilerRunner.kt:267)
	at org.jetbrains.kotlin.incremental.IncrementalCompilerRunner.compile(IncrementalCompilerRunner.kt:119)
	at org.jetbrains.kotlin.daemon.CompileServiceImplBase.execIncrementalCompiler(CompileServiceImpl.kt:684)
	at org.jetbrains.kotlin.daemon.CompileServiceImplBase.access$execIncrementalCompiler(CompileServiceImpl.kt:94)
	at org.jetbrains.kotlin.daemon.CompileServiceImpl.compile(CompileServiceImpl.kt:1810)
	at java.base/jdk.internal.reflect.DirectMethodHandleAccessor.invoke(DirectMethodHandleAccessor.java:103)
	at java.base/java.lang.reflect.Method.invoke(Method.java:580)
	at java.rmi/sun.rmi.server.UnicastServerRef.dispatch(UnicastServerRef.java:360)
	at java.rmi/sun.rmi.transport.Transport$1.run(Transport.java:200)
	at java.rmi/sun.rmi.transport.Transport$1.run(Transport.java:197)
	at java.base/java.security.AccessController.doPrivileged(AccessController.java:714)
	at java.rmi/sun.rmi.transport.Transport.serviceCall(Transport.java:196)
	at java.rmi/sun.rmi.transport.tcp.TCPTransport.handleMessages(TCPTransport.java:598)
	at java.rmi/sun.rmi.transport.tcp.TCPTransport$ConnectionHandler.run0(TCPTransport.java:844)
	at java.rmi/sun.rmi.transport.tcp.TCPTransport$ConnectionHandler.lambda$run$0(TCPTransport.java:721)
	at java.base/java.security.AccessController.doPrivileged(AccessController.java:400)
	at java.rmi/sun.rmi.transport.tcp.TCPTransport$ConnectionHandler.run(TCPTransport.java:720)
	at java.base/java.util.concurrent.ThreadPoolExecutor.runWorker(ThreadPoolExecutor.java:1144)
	at java.base/java.util.concurrent.ThreadPoolExecutor$Worker.run(ThreadPoolExecutor.java:642)
	at java.base/java.lang.Thread.run(Thread.java:1583)
Caused by: java.lang.Exception: IR lowering failed at: PlanScreen.kt
	at androidx.compose.compiler.plugins.kotlin.lower.ComposableFunctionBodyTransformer.visitFile(ComposableFunctionBodyTransformer.kt:5215)
	at org.jetbrains.kotlin.ir.visitors.IrElementTransformerVoid.visitFile(IrElementTransformerVoid.kt:163)
	at org.jetbrains.kotlin.ir.visitors.IrElementTransformerVoid.visitFile(IrElementTransformerVoid.kt:19)
	at org.jetbrains.kotlin.ir.declarations.IrFile.accept(IrFile.kt:27)
	at org.jetbrains.kotlin.ir.declarations.IrFile.transform(IrFile.kt:30)
	at org.jetbrains.kotlin.ir.declarations.IrFile.transform(IrFile.kt:19)
	at org.jetbrains.kotlin.ir.util.TransformKt.transformInPlace(transform.kt:35)
	at org.jetbrains.kotlin.ir.declarations.IrModuleFragment.transformChildren(IrModuleFragment.kt:46)
	at org.jetbrains.kotlin.ir.visitors.IrElementTransformerVoidKt.transformChildrenVoid(IrElementTransformerVoid.kt:583)
	at androidx.compose.compiler.plugins.kotlin.lower.ComposableFunctionBodyTransformer.lower(ComposableFunctionBodyTransformer.kt:398)
	at androidx.compose.compiler.plugins.kotlin.ComposeIrGenerationExtension.generate(ComposeIrGenerationExtension.kt:193)
	at org.jetbrains.kotlin.fir.pipeline.Fir2IrPipeline.applyIrGenerationExtensions(convertToIr.kt:571)
	... 44 more
Caused by: org.jetbrains.kotlin.utils.exceptions.KotlinIllegalArgumentExceptionWithAttachments: Exception was thrown during transformation of class org.jetbrains.kotlin.fir.declarations.impl.FirPropertyImpl
	at org.jetbrains.kotlin.fir.backend.generators.Fir2IrCallableDeclarationsGenerator.createIrProperty(Fir2IrCallableDeclarationsGenerator.kt:1222)
	at org.jetbrains.kotlin.fir.backend.generators.Fir2IrCallableDeclarationsGenerator.createIrProperty$default(Fir2IrCallableDeclarationsGenerator.kt:219)
	at org.jetbrains.kotlin.fir.backend.Fir2IrDeclarationStorage.createAndCacheIrPropertySymbols(Fir2IrDeclarationStorage.kt:704)
	at org.jetbrains.kotlin.fir.backend.Fir2IrDeclarationStorage.getIrPropertySymbols(Fir2IrDeclarationStorage.kt:690)
	at org.jetbrains.kotlin.fir.backend.Fir2IrDeclarationStorage.getIrPropertySymbol(Fir2IrDeclarationStorage.kt:681)
	at org.jetbrains.kotlin.fir.lazy.Fir2IrLazyClass.declarations_delegate$lambda$0$addDeclarationsFromScope$3(Fir2IrLazyClass.kt:212)
	at org.jetbrains.kotlin.fir.scopes.impl.FirScopeWithCallableCopyReturnTypeUpdater.processPropertiesByName$lambda$0(FirScopeWithCallableCopyReturnTypeUpdater.kt:42)
	at org.jetbrains.kotlin.fir.scopes.impl.AbstractFirUseSiteMemberScope.processPropertiesByName(AbstractFirUseSiteMemberScope.kt:159)
	at org.jetbrains.kotlin.fir.scopes.impl.FirScopeWithCallableCopyReturnTypeUpdater.processPropertiesByName(FirScopeWithCallableCopyReturnTypeUpdater.kt:40)
	at org.jetbrains.kotlin.fir.lazy.Fir2IrLazyClass.declarations_delegate$lambda$0$addDeclarationsFromScope(Fir2IrLazyClass.kt:196)
	at org.jetbrains.kotlin.fir.lazy.Fir2IrLazyClass.declarations_delegate$lambda$0(Fir2IrLazyClass.kt:220)
	at org.jetbrains.kotlin.ir.declarations.lazy.SynchronizedLazyVar.getValue(lazyUtil.kt:29)
	at org.jetbrains.kotlin.ir.declarations.lazy.SynchronizedLazyVar.getValue(lazyUtil.kt:40)
	at org.jetbrains.kotlin.fir.lazy.Fir2IrLazyClass.getDeclarations(Fir2IrLazyClass.kt:151)
	at androidx.compose.compiler.plugins.kotlin.lower.AbstractComposeLowering.makeStabilityFieldJvm(AbstractComposeLowering.kt:862)
	at androidx.compose.compiler.plugins.kotlin.lower.AbstractComposeLowering.getRuntimeStabilityValue(AbstractComposeLowering.kt:821)
	at androidx.compose.compiler.plugins.kotlin.lower.AbstractComposeLowering.irStableExpression(AbstractComposeLowering.kt:276)
	at androidx.compose.compiler.plugins.kotlin.lower.AbstractComposeLowering.irStableExpression$default(AbstractComposeLowering.kt:252)
	at androidx.compose.compiler.plugins.kotlin.lower.ComposableFunctionBodyTransformer.buildChangedArgumentForCall(ComposableFunctionBodyTransformer.kt:3591)
	at androidx.compose.compiler.plugins.kotlin.lower.ComposableFunctionBodyTransformer.buildChangedArgumentsForCall(ComposableFunctionBodyTransformer.kt:3547)
	at androidx.compose.compiler.plugins.kotlin.lower.ComposableFunctionBodyTransformer.visitRememberCall(ComposableFunctionBodyTransformer.kt:3198)
	at androidx.compose.compiler.plugins.kotlin.lower.ComposableFunctionBodyTransformer.visitComposableCall(ComposableFunctionBodyTransformer.kt:2997)
	at androidx.compose.compiler.plugins.kotlin.lower.ComposableFunctionBodyTransformer.visitFunctionAccess(ComposableFunctionBodyTransformer.kt:2949)
	at org.jetbrains.kotlin.ir.visitors.IrElementTransformerVoid.visitCall(IrElementTransformerVoid.kt:296)
	at org.jetbrains.kotlin.ir.visitors.IrElementTransformerVoid.visitCall(IrElementTransformerVoid.kt:299)
	at org.jetbrains.kotlin.ir.visitors.IrElementTransformerVoid.visitCall(IrElementTransformerVoid.kt:19)
	at org.jetbrains.kotlin.ir.expressions.IrCall.accept(IrCall.kt:24)
	at org.jetbrains.kotlin.ir.expressions.IrExpression.transform(IrExpression.kt:23)
	at org.jetbrains.kotlin.ir.expressions.IrExpression.transform(IrExpression.kt:19)
	at org.jetbrains.kotlin.ir.util.TransformKt.transformInPlaceNullable(transform.kt:46)
	at org.jetbrains.kotlin.ir.expressions.IrMemberAccessExpression.transformChildren(IrMemberAccessExpression.kt:520)
	at org.jetbrains.kotlin.ir.visitors.IrElementTransformerVoidKt.transformChildrenVoid(IrElementTransformerVoid.kt:583)
	at org.jetbrains.kotlin.ir.visitors.IrElementTransformerVoid.transformChildrenVoid(IrElementTransformerVoid.kt:28)
	at androidx.compose.compiler.plugins.kotlin.lower.ComposableFunctionBodyTransformer.visitNormalComposableCall(ComposableFunctionBodyTransformer.kt:3013)
	at androidx.compose.compiler.plugins.kotlin.lower.ComposableFunctionBodyTransformer.visitComposableCall(ComposableFunctionBodyTransformer.kt:3003)
	at androidx.compose.compiler.plugins.kotlin.lower.ComposableFunctionBodyTransformer.visitFunctionAccess(ComposableFunctionBodyTransformer.kt:2949)
	at org.jetbrains.kotlin.ir.visitors.IrElementTransformerVoid.visitCall(IrElementTransformerVoid.kt:296)
	at org.jetbrains.kotlin.ir.visitors.IrElementTransformerVoid.visitCall(IrElementTransformerVoid.kt:299)
	at org.jetbrains.kotlin.ir.visitors.IrElementTransformerVoid.visitCall(IrElementTransformerVoid.kt:19)
	at org.jetbrains.kotlin.ir.expressions.IrCall.accept(IrCall.kt:24)
	at org.jetbrains.kotlin.ir.expressions.IrExpression.transform(IrExpression.kt:23)
	at org.jetbrains.kotlin.ir.expressions.IrExpression.transform(IrExpression.kt:19)
	at org.jetbrains.kotlin.ir.util.TransformKt.transformInPlace(transform.kt:35)
	at org.jetbrains.kotlin.ir.expressions.IrContainerExpression.transformChildren(IrContainerExpression.kt:26)
	at org.jetbrains.kotlin.ir.visitors.IrElementTransformerVoidKt.transformChildrenVoid(IrElementTransformerVoid.kt:583)
	at org.jetbrains.kotlin.ir.visitors.IrElementTransformerVoid.transformChildrenVoid(IrElementTransformerVoid.kt:28)
	at androidx.compose.compiler.plugins.kotlin.lower.ComposableFunctionBodyTransformer.visitRestartableComposableFunction(ComposableFunctionBodyTransformer.kt:1133)
	at androidx.compose.compiler.plugins.kotlin.lower.ComposableFunctionBodyTransformer.visitFunctionInScope(ComposableFunctionBodyTransformer.kt:691)
	at androidx.compose.compiler.plugins.kotlin.lower.ComposableFunctionBodyTransformer.visitFunction(ComposableFunctionBodyTransformer.kt:625)
	at org.jetbrains.kotlin.ir.visitors.IrElementTransformerVoid.visitSimpleFunction(IrElementTransformerVoid.kt:128)
	at org.jetbrains.kotlin.ir.visitors.IrElementTransformerVoid.visitSimpleFunction(IrElementTransformerVoid.kt:131)
	at org.jetbrains.kotlin.ir.visitors.IrElementTransformerVoid.visitSimpleFunction(IrElementTransformerVoid.kt:19)
	at org.jetbrains.kotlin.ir.declarations.IrSimpleFunction.accept(IrSimpleFunction.kt:39)
	at org.jetbrains.kotlin.ir.IrElementBase.transform(IrElementBase.kt:33)
	at org.jetbrains.kotlin.ir.util.TransformKt.transformInPlace(transform.kt:35)
	at org.jetbrains.kotlin.ir.declarations.IrPackageFragment.transformChildren(IrPackageFragment.kt:31)
	at org.jetbrains.kotlin.ir.visitors.IrElementTransformerVoid.visitPackageFragment(IrElementTransformerVoid.kt:146)
	at org.jetbrains.kotlin.ir.visitors.IrElementTransformerVoid.visitFile(IrElementTransformerVoid.kt:160)
	at androidx.compose.compiler.plugins.kotlin.lower.ComposableFunctionBodyTransformer.visitFile(ComposableFunctionBodyTransformer.kt:1939)
	... 55 more
Caused by: java.io.FileNotFoundException: /home/tristan/AndroidStudioProjects/pelo-android/app/build/tmp/kotlin-classes/debug/com/pelotcl/app/data/model/Favorite.class (No such file or directory)
	at java.base/java.io.FileInputStream.open0(Native Method)
	at java.base/java.io.FileInputStream.open(FileInputStream.java:213)
	at java.base/java.io.FileInputStream.<init>(FileInputStream.java:152)
	at org.jetbrains.kotlin.com.intellij.openapi.util.io.FileUtil.loadFileBytes(FileUtil.java:187)
	at org.jetbrains.kotlin.cli.common.localfs.KotlinLocalVirtualFile.contentsToByteArray(KotlinLocalVirtualFile.kt:108)
	at org.jetbrains.kotlin.cli.jvm.compiler.KotlinCliJavaFileManagerImpl.findClass(KotlinCliJavaFileManagerImpl.kt:149)
	at org.jetbrains.kotlin.resolve.jvm.KotlinJavaPsiFacade$CliFinder.findClass(KotlinJavaPsiFacade.java:538)
	at org.jetbrains.kotlin.resolve.jvm.KotlinJavaPsiFacade.findClass(KotlinJavaPsiFacade.java:181)
	at org.jetbrains.kotlin.load.java.JavaClassFinderImpl.findClass(JavaClassFinderImpl.kt:46)
	at org.jetbrains.kotlin.fir.java.FirJavaFacade.findClass(FirJavaFacade.kt:74)
	at org.jetbrains.kotlin.fir.java.deserialization.JvmClassFileBasedSymbolProvider.extractClassMetadata(JvmClassFileBasedSymbolProvider.kt:179)
	at org.jetbrains.kotlin.fir.deserialization.AbstractFirDeserializedSymbolProvider.findAndDeserializeClass(AbstractFirDeserializedSymbolProvider.kt:255)
	at org.jetbrains.kotlin.fir.deserialization.AbstractFirDeserializedSymbolProvider.classCache$lambda$0(AbstractFirDeserializedSymbolProvider.kt:162)
	at org.jetbrains.kotlin.fir.caches.FirThreadUnsafeCacheWithPostCompute.getValue(FirThreadUnsafeCachesFactory.kt:78)
	at org.jetbrains.kotlin.fir.deserialization.AbstractFirDeserializedSymbolProvider.getClass(AbstractFirDeserializedSymbolProvider.kt:342)
	at org.jetbrains.kotlin.fir.deserialization.AbstractFirDeserializedSymbolProvider.getClass$default(AbstractFirDeserializedSymbolProvider.kt:325)
	at org.jetbrains.kotlin.fir.deserialization.AbstractFirDeserializedSymbolProvider.getClassLikeSymbolByClassId(AbstractFirDeserializedSymbolProvider.kt:419)
	at org.jetbrains.kotlin.fir.resolve.providers.impl.FirCachingCompositeSymbolProvider.computeClass(FirCachingCompositeSymbolProvider.kt:147)
	at org.jetbrains.kotlin.fir.resolve.providers.impl.FirCachingCompositeSymbolProvider.access$computeClass(FirCachingCompositeSymbolProvider.kt:27)
	at org.jetbrains.kotlin.fir.resolve.providers.impl.FirCachingCompositeSymbolProvider$special$$inlined$createCache$1.invoke(FirCachesFactory.kt:163)
	at org.jetbrains.kotlin.fir.resolve.providers.impl.FirCachingCompositeSymbolProvider$special$$inlined$createCache$1.invoke(FirCachesFactory.kt:147)
	at org.jetbrains.kotlin.fir.caches.FirThreadUnsafeCache.getValue(FirThreadUnsafeCachesFactory.kt:57)
	at org.jetbrains.kotlin.fir.resolve.providers.impl.FirCachingCompositeSymbolProvider.getClassLikeSymbolByClassId(FirCachingCompositeSymbolProvider.kt:174)
	at org.jetbrains.kotlin.fir.resolve.ToSymbolUtilsKt.toSymbol(ToSymbolUtils.kt:94)
	at org.jetbrains.kotlin.fir.resolve.ToSymbolUtilsKt.toTypeAliasSymbol(ToSymbolUtils.kt:156)
	at org.jetbrains.kotlin.fir.resolve.TypeExpansionUtilsKt.directExpansionType(TypeExpansionUtils.kt:173)
	at org.jetbrains.kotlin.fir.resolve.TypeExpansionUtilsKt.fullyExpandedTypeNoCache(TypeExpansionUtils.kt:160)
	at org.jetbrains.kotlin.fir.resolve.TypeExpansionUtilsKt.fullyExpandedType(TypeExpansionUtils.kt:54)
	at org.jetbrains.kotlin.fir.resolve.TypeExpansionUtilsKt.fullyExpandedType$default(TypeExpansionUtils.kt:44)
	at org.jetbrains.kotlin.fir.types.ConeInferenceContext.typeDepth(ConeInferenceContext.kt:219)
	at org.jetbrains.kotlin.fir.types.ConeInferenceContext.typeDepth(ConeInferenceContext.kt:201)
	at org.jetbrains.kotlin.fir.types.ConeInferenceContext.typeDepth(ConeInferenceContext.kt:229)
	at org.jetbrains.kotlin.fir.types.ConeInferenceContext.typeDepth(ConeInferenceContext.kt:201)
	at org.jetbrains.kotlin.fir.types.ConeInferenceContext.typeDepth(ConeInferenceContext.kt:229)
	at org.jetbrains.kotlin.fir.types.ConeInferenceContext.typeDepth(ConeInferenceContext.kt:201)
	at org.jetbrains.kotlin.fir.types.ConeInferenceContext.typeDepthForApproximation(ConeInferenceContext.kt:211)
	at org.jetbrains.kotlin.types.AbstractTypeApproximator.typeDepthForApproximation(AbstractTypeApproximator.kt)
	at org.jetbrains.kotlin.types.AbstractTypeApproximator.approximateToSuperType(AbstractTypeApproximator.kt:1067)
	at org.jetbrains.kotlin.fir.types.ConeTypeApproximator.approximateToSuperType(ConeTypeApproximator.kt:19)
	at org.jetbrains.kotlin.fir.backend.Fir2IrTypeConverterKt.approximateForIrOrNull(Fir2IrTypeConverter.kt:387)
	at org.jetbrains.kotlin.fir.backend.Fir2IrTypeConverterKt.approximateForIrOrSelf(Fir2IrTypeConverter.kt:392)
	at org.jetbrains.kotlin.fir.backend.Fir2IrTypeConverter.toIrType(Fir2IrTypeConverter.kt:165)
	at org.jetbrains.kotlin.fir.backend.Fir2IrTypeConverter.toIrType$default(Fir2IrTypeConverter.kt:97)
	at org.jetbrains.kotlin.fir.backend.Fir2IrTypeConverter.toIrType(Fir2IrTypeConverter.kt:84)
	at org.jetbrains.kotlin.fir.backend.Fir2IrTypeConverterKt.toIrType(Fir2IrTypeConverter.kt:374)
	at org.jetbrains.kotlin.fir.backend.Fir2IrTypeConverterKt.toIrType$default(Fir2IrTypeConverter.kt:372)
	at org.jetbrains.kotlin.fir.lazy.Fir2IrLazyProperty.type_delegate$lambda$0(Fir2IrLazyProperty.kt:105)
	at kotlin.SynchronizedLazyImpl.getValue(LazyJVM.kt:86)
	at org.jetbrains.kotlin.fir.lazy.Fir2IrLazyProperty.getType(Fir2IrLazyProperty.kt:104)
	at org.jetbrains.kotlin.fir.lazy.Fir2IrLazyProperty.<init>(Fir2IrLazyProperty.kt:184)
	at org.jetbrains.kotlin.fir.backend.generators.Fir2IrLazyDeclarationsGenerator.createIrLazyProperty$fir2ir(Fir2IrLazyDeclarationsGenerator.kt:106)
	at org.jetbrains.kotlin.fir.backend.generators.Fir2IrCallableDeclarationsGenerator.createIrProperty(Fir2IrCallableDeclarationsGenerator.kt:248)
	... 113 more


error message: Daemon compilation failed: null
java.lang.Exception
	at org.jetbrains.kotlin.daemon.common.CompileService$CallResult$Error.get(CompileService.kt:69)
	at org.jetbrains.kotlin.daemon.common.CompileService$CallResult$Error.get(CompileService.kt:65)
	at org.jetbrains.kotlin.compilerRunner.GradleKotlinCompilerWork.compileWithDaemon(GradleKotlinCompilerWork.kt:224)
	at org.jetbrains.kotlin.compilerRunner.GradleKotlinCompilerWork.compileWithDaemonOrFallbackImpl(GradleKotlinCompilerWork.kt:143)
	at org.jetbrains.kotlin.compilerRunner.GradleKotlinCompilerWork.run(GradleKotlinCompilerWork.kt:107)
	at org.jetbrains.kotlin.compilerRunner.GradleCompilerRunnerWithWorkers$GradleKotlinCompilerWorkAction.execute(GradleCompilerRunnerWithWorkers.kt:75)
	at org.gradle.workers.internal.DefaultWorkerServer.execute(DefaultWorkerServer.java:68)
	at org.gradle.workers.internal.NoIsolationWorkerFactory$1$1.create(NoIsolationWorkerFactory.java:64)
	at org.gradle.workers.internal.NoIsolationWorkerFactory$1$1.create(NoIsolationWorkerFactory.java:61)
	at org.gradle.internal.classloader.ClassLoaderUtils.executeInClassloader(ClassLoaderUtils.java:102)
	at org.gradle.workers.internal.NoIsolationWorkerFactory$1.lambda$execute$0(NoIsolationWorkerFactory.java:61)
	at org.gradle.workers.internal.AbstractWorker$1.call(AbstractWorker.java:44)
	at org.gradle.workers.internal.AbstractWorker$1.call(AbstractWorker.java:41)
	at org.gradle.internal.operations.DefaultBuildOperationRunner$CallableBuildOperationWorker.execute(DefaultBuildOperationRunner.java:210)
	at org.gradle.internal.operations.DefaultBuildOperationRunner$CallableBuildOperationWorker.execute(DefaultBuildOperationRunner.java:205)
	at org.gradle.internal.operations.DefaultBuildOperationRunner$2.execute(DefaultBuildOperationRunner.java:67)
	at org.gradle.internal.operations.DefaultBuildOperationRunner$2.execute(DefaultBuildOperationRunner.java:60)
	at org.gradle.internal.operations.DefaultBuildOperationRunner.execute(DefaultBuildOperationRunner.java:167)
	at org.gradle.internal.operations.DefaultBuildOperationRunner.execute(DefaultBuildOperationRunner.java:60)
	at org.gradle.internal.operations.DefaultBuildOperationRunner.call(DefaultBuildOperationRunner.java:54)
	at org.gradle.workers.internal.AbstractWorker.executeWrappedInBuildOperation(AbstractWorker.java:41)
	at org.gradle.workers.internal.NoIsolationWorkerFactory$1.execute(NoIsolationWorkerFactory.java:58)
	at org.gradle.workers.internal.DefaultWorkerExecutor.lambda$submitWork$0(DefaultWorkerExecutor.java:176)
	at java.base/java.util.concurrent.FutureTask.run(FutureTask.java:317)
	at org.gradle.internal.work.DefaultConditionalExecutionQueue$ExecutionRunner.runExecution(DefaultConditionalExecutionQueue.java:194)
	at org.gradle.internal.work.DefaultConditionalExecutionQueue$ExecutionRunner.access$700(DefaultConditionalExecutionQueue.java:127)
	at org.gradle.internal.work.DefaultConditionalExecutionQueue$ExecutionRunner$1.run(DefaultConditionalExecutionQueue.java:169)
	at org.gradle.internal.Factories$1.create(Factories.java:30)
	at org.gradle.internal.work.DefaultWorkerLeaseService.lambda$withLocksAcquired$0(DefaultWorkerLeaseService.java:275)
	at org.gradle.internal.work.ResourceLockStatistics$1.measure(ResourceLockStatistics.java:43)
	at org.gradle.internal.work.DefaultWorkerLeaseService.withLocksAcquired(DefaultWorkerLeaseService.java:273)
	at org.gradle.internal.work.DefaultWorkerLeaseService.withLocks(DefaultWorkerLeaseService.java:265)
	at org.gradle.internal.work.DefaultWorkerLeaseService.runAsWorkerThread(DefaultWorkerLeaseService.java:128)
	at org.gradle.internal.work.DefaultWorkerLeaseService.runAsWorkerThread(DefaultWorkerLeaseService.java:133)
	at org.gradle.internal.work.DefaultConditionalExecutionQueue$ExecutionRunner.runBatch(DefaultConditionalExecutionQueue.java:164)
	at org.gradle.internal.work.DefaultConditionalExecutionQueue$ExecutionRunner.run(DefaultConditionalExecutionQueue.java:133)
	at java.base/java.util.concurrent.Executors$RunnableAdapter.call(Executors.java:572)
	at java.base/java.util.concurrent.FutureTask.run(FutureTask.java:317)
	at org.gradle.internal.concurrent.ExecutorPolicy$CatchAndRecordFailures.onExecute(ExecutorPolicy.java:64)
	at org.gradle.internal.concurrent.AbstractManagedExecutor$1.run(AbstractManagedExecutor.java:47)
	at java.base/java.util.concurrent.ThreadPoolExecutor.runWorker(ThreadPoolExecutor.java:1144)
	at java.base/java.util.concurrent.ThreadPoolExecutor$Worker.run(ThreadPoolExecutor.java:642)
	at java.base/java.lang.Thread.run(Thread.java:1583)
Caused by: java.nio.file.NoSuchFileException: /tmp/kotlin-backups1327039034368780213/20.backup -> /home/tristan/AndroidStudioProjects/pelo-android/app/build/tmp/kotlin-classes/debug/com/pelotcl/app/ui/screens/PlanScreenKt$PlanScreen$14$1.class
	at java.base/sun.nio.fs.UnixException.translateToIOException(UnixException.java:92)
	at java.base/sun.nio.fs.UnixException.rethrowAsIOException(UnixException.java:106)
	at java.base/sun.nio.fs.UnixFileSystem.move(UnixFileSystem.java:939)
	at java.base/sun.nio.fs.UnixFileSystemProvider.move(UnixFileSystemProvider.java:309)
	at java.base/java.nio.file.Files.move(Files.java:1431)
	at org.jetbrains.kotlin.incremental.RecoverableCompilationTransaction.revertChanges(CompilationTransaction.kt:231)
	at org.jetbrains.kotlin.incremental.RecoverableCompilationTransaction.close(CompilationTransaction.kt:256)
	at org.jetbrains.kotlin.incremental.IncrementalCompilerRunner.tryCompileIncrementally(IncrementalCompilerRunner.kt:712)
	at org.jetbrains.kotlin.incremental.IncrementalCompilerRunner.compile(IncrementalCompilerRunner.kt:119)
	at org.jetbrains.kotlin.daemon.CompileServiceImplBase.execIncrementalCompiler(CompileServiceImpl.kt:684)
	at org.jetbrains.kotlin.daemon.CompileServiceImplBase.access$execIncrementalCompiler(CompileServiceImpl.kt:94)
	at org.jetbrains.kotlin.daemon.CompileServiceImpl.compile(CompileServiceImpl.kt:1810)
	at java.base/jdk.internal.reflect.DirectMethodHandleAccessor.invoke(DirectMethodHandleAccessor.java:103)
	at java.base/java.lang.reflect.Method.invoke(Method.java:580)
	at java.rmi/sun.rmi.server.UnicastServerRef.dispatch(UnicastServerRef.java:360)
	at java.rmi/sun.rmi.transport.Transport$1.run(Transport.java:200)
	at java.rmi/sun.rmi.transport.Transport$1.run(Transport.java:197)
	at java.base/java.security.AccessController.doPrivileged(AccessController.java:714)
	at java.rmi/sun.rmi.transport.Transport.serviceCall(Transport.java:196)
	at java.rmi/sun.rmi.transport.tcp.TCPTransport.handleMessages(TCPTransport.java:598)
	at java.rmi/sun.rmi.transport.tcp.TCPTransport$ConnectionHandler.run0(TCPTransport.java:844)
	at java.rmi/sun.rmi.transport.tcp.TCPTransport$ConnectionHandler.lambda$run$0(TCPTransport.java:721)
	at java.base/java.security.AccessController.doPrivileged(AccessController.java:400)
	at java.rmi/sun.rmi.transport.tcp.TCPTransport$ConnectionHandler.run(TCPTransport.java:720)
	... 3 more


